[ 2016-12-08T09:07:10+08:00 ] ::1 /?callback=jQuery17206004499178379774_1481159222206&_=1481159222212
INFO: [ app_init ] --START--
INFO: Run Behavior\BuildLiteBehavior [ RunTime:0.000000s ]
INFO: [ app_init ] --END-- [ RunTime:0.131008s ]
INFO: [ app_begin ] --START--
INFO: Run Behavior\ReadHtmlCacheBehavior [ RunTime:0.169009s ]
INFO: [ app_begin ] --END-- [ RunTime:0.169009s ]
INFO: [ view_parse ] --START--
INFO: [ template_filter ] --START--
INFO: Run Behavior\ContentReplaceBehavior [ RunTime:0.072004s ]
INFO: [ template_filter ] --END-- [ RunTime:0.073004s ]
NOTIC: [8] Undefined index: uid G:\BaiduYunDownload\day7\shop\shop\Runtime\Cache\Home\82c3c9ef9eecc4b856a4ee6f29a02af8.php 第 26 行.
INFO: Run Behavior\ParseTemplateBehavior [ RunTime:0.742042s ]
INFO: [ view_parse ] --END-- [ RunTime:0.742042s ]
INFO: [ view_filter ] --START--
INFO: Run Behavior\WriteHtmlCacheBehavior [ RunTime:0.089005s ]
INFO: [ view_filter ] --END-- [ RunTime:0.089005s ]
INFO: [ app_end ] --START--
INFO: Run Behavior\ShowPageTraceBehavior [ RunTime:0.052003s ]
INFO: [ app_end ] --END-- [ RunTime:0.052003s ]

[ 2016-12-08T21:17:37+08:00 ] 127.0.0.1 /
INFO: [ app_init ] --START--
INFO: Run Behavior\BuildLiteBehavior [ RunTime:0.000000s ]
INFO: [ app_init ] --END-- [ RunTime:0.007000s ]
INFO: [ app_begin ] --START--
INFO: Run Behavior\ReadHtmlCacheBehavior [ RunTime:0.011000s ]
INFO: [ app_begin ] --END-- [ RunTime:0.012000s ]
INFO: [ view_parse ] --START--
INFO: [ template_filter ] --START--
INFO: Run Behavior\ContentReplaceBehavior [ RunTime:0.037002s ]
INFO: [ template_filter ] --END-- [ RunTime:0.037002s ]
NOTIC: [8] Undefined index: uid G:\BaiduYunDownload\day7\shop\shop\Runtime\Cache\Home\82c3c9ef9eecc4b856a4ee6f29a02af8.php 第 26 行.
INFO: Run Behavior\ParseTemplateBehavior [ RunTime:0.236013s ]
INFO: [ view_parse ] --END-- [ RunTime:0.236013s ]
INFO: [ view_filter ] --START--
INFO: Run Behavior\WriteHtmlCacheBehavior [ RunTime:0.021001s ]
INFO: [ view_filter ] --END-- [ RunTime:0.021001s ]
INFO: [ app_end ] --START--
INFO: Run Behavior\ShowPageTraceBehavior [ RunTime:0.012001s ]
INFO: [ app_end ] --END-- [ RunTime:0.012001s ]

