[ 2016-12-08T18:28:15+08:00 ] 127.0.0.1 http://short.weixin.qq.com/cgi-bin/micromsg-bin/heartbeat
INFO: [ app_init ] --START--
INFO: Run Behavior\BuildLiteBehavior [ RunTime:0.000000s ]
INFO: [ app_init ] --END-- [ RunTime:2.974606s ]
ERR: 无法加载模块:Cgi-bin

[ 2016-12-08T18:28:17+08:00 ] 127.0.0.1 /cgi-bin/micromsg-bin/newsync
INFO: [ app_init ] --START--
INFO: Run Behavior\BuildLiteBehavior [ RunTime:0.000000s ]
INFO: [ app_init ] --END-- [ RunTime:0.000000s ]
ERR: 无法加载模块:Cgi-bin

[ 2016-12-08T21:17:43+08:00 ] 127.0.0.1 /favicon.ico
INFO: [ app_init ] --START--
INFO: Run Behavior\BuildLiteBehavior [ RunTime:0.000000s ]
INFO: [ app_init ] --END-- [ RunTime:0.040002s ]
ERR: 无法加载模块:Favicon

[ 2016-12-08T21:17:43+08:00 ] 127.0.0.1 /favicon.ico
INFO: [ app_init ] --START--
INFO: Run Behavior\BuildLiteBehavior [ RunTime:0.000000s ]
INFO: [ app_init ] --END-- [ RunTime:0.006000s ]
ERR: 无法加载模块:Favicon

